Build started 2/10/2016 1:08:36 AM.
     1>Project "c:\Users\vladpc\documents\visual studio 2013\Projects\tldr-server-c\tldr-server-c\tldr-server-c.vcxproj" on node 2 (Build target(s)).
     1>ClCompile:
         C:\Program Files (x86)\Microsoft Visual Studio 12.0\VC\bin\CL.exe /c /AI"C:\Program Files (x86)\Reference Assemblies\Microsoft\Framework\.NETFramework\v4.5.1\\" /AI"C:\Program Files (x86)\Windows Kits\8.1\References\CommonConfiguration\Neutral" /AI"C:\Program Files (x86)\Reference Assemblies\Microsoft\Framework\.NETFramework\v4.5.1\Facades\\" /Zi /clr /nologo /W3 /WX- /O2 /Oy- /D WIN32 /D NDEBUG /D _UNICODE /D UNICODE /EHa /MD /GS /fp:precise /Zc:wchar_t /Zc:forScope /Yc"stdafx.h" /Fp"Release\tldr-server-c.pch" /Fo"Release\\" /Fd"Release\vc120.pdb" /TP /FU"C:\Program Files (x86)\Reference Assemblies\Microsoft\Framework\.NETFramework\v4.5.1\mscorlib.dll" /FU"C:\Program Files (x86)\Reference Assemblies\Microsoft\Framework\.NETFramework\v4.5.1\System.Data.dll" /FU"C:\Program Files (x86)\Reference Assemblies\Microsoft\Framework\.NETFramework\v4.5.1\System.dll" /FU"C:\Program Files (x86)\Reference Assemblies\Microsoft\Framework\.NETFramework\v4.5.1\System.Windows.Forms.dll" /FU"C:\Program Files (x86)\Reference Assemblies\Microsoft\Framework\.NETFramework\v4.5.1\System.Xml.dll" /analyze- /errorReport:prompt /clr:nostdlib stdafx.cpp
         stdafx.cpp
         C:\Program Files (x86)\Microsoft Visual Studio 12.0\VC\bin\CL.exe /c /AI"C:\Program Files (x86)\Reference Assemblies\Microsoft\Framework\.NETFramework\v4.5.1\\" /AI"C:\Program Files (x86)\Windows Kits\8.1\References\CommonConfiguration\Neutral" /AI"C:\Program Files (x86)\Reference Assemblies\Microsoft\Framework\.NETFramework\v4.5.1\Facades\\" /Zi /clr /nologo /W3 /WX- /O2 /Oy- /D WIN32 /D NDEBUG /D _UNICODE /D UNICODE /EHa /MD /GS /fp:precise /Zc:wchar_t /Zc:forScope /Yu"stdafx.h" /Fp"Release\tldr-server-c.pch" /Fo"Release\\" /Fd"Release\vc120.pdb" /TP /FU"C:\Program Files (x86)\Reference Assemblies\Microsoft\Framework\.NETFramework\v4.5.1\mscorlib.dll" /FU"C:\Program Files (x86)\Reference Assemblies\Microsoft\Framework\.NETFramework\v4.5.1\System.Data.dll" /FU"C:\Program Files (x86)\Reference Assemblies\Microsoft\Framework\.NETFramework\v4.5.1\System.dll" /FU"C:\Program Files (x86)\Reference Assemblies\Microsoft\Framework\.NETFramework\v4.5.1\System.Windows.Forms.dll" /FU"C:\Program Files (x86)\Reference Assemblies\Microsoft\Framework\.NETFramework\v4.5.1\System.Xml.dll" /analyze- /errorReport:prompt /clr:nostdlib AssemblyInfo.cpp "tldr-server-c.cpp"
         AssemblyInfo.cpp
         tldr-server-c.cpp
         Generating Code...
         C:\Program Files (x86)\Microsoft Visual Studio 12.0\VC\bin\CL.exe /c /Zi /clr /nologo /W3 /WX- /O2 /Oy- /D WIN32 /D NDEBUG /D _UNICODE /D UNICODE /EHa /MD /GS /fp:precise /Zc:wchar_t /Zc:forScope /Fo"Release\\" /Fd"Release\vc120.pdb" /TP /analyze- /errorReport:prompt "C:\Users\vladpc\AppData\Local\Temp\.NETFramework,Version=v4.5.1.AssemblyAttributes.cpp"
         .NETFramework,Version=v4.5.1.AssemblyAttributes.cpp
       ResourceCompile:
         C:\Program Files (x86)\Windows Kits\8.1\bin\x86\rc.exe /D _UNICODE /D UNICODE /l"0x0409" /nologo /fo"Release\app.res" app.rc 
       Link:
         C:\Program Files (x86)\Microsoft Visual Studio 12.0\VC\bin\link.exe /ERRORREPORT:PROMPT /OUT:"c:\users\vladpc\documents\visual studio 2013\Projects\tldr-server-c\Release\tldr-server-c.exe" /INCREMENTAL:NO /NOLOGO /MANIFEST /MANIFESTUAC:"level='asInvoker' uiAccess='false'" /manifest:embed /DEBUG /PDB:"c:\users\vladpc\documents\visual studio 2013\Projects\tldr-server-c\Release\tldr-server-c.pdb" /SUBSYSTEM:CONSOLE /TLBID:1 /DYNAMICBASE /FIXED:NO /NXCOMPAT /MACHINE:X86 /SAFESEH Release\app.res
         Release\AssemblyInfo.obj
         Release\stdafx.obj
         "Release\tldr-server-c.obj"
         "Release\.NETFramework,Version=v4.5.1.AssemblyAttributes.obj"
         tldr-server-c.vcxproj -> c:\users\vladpc\documents\visual studio 2013\Projects\tldr-server-c\Release\tldr-server-c.exe
     1>Done Building Project "c:\Users\vladpc\documents\visual studio 2013\Projects\tldr-server-c\tldr-server-c\tldr-server-c.vcxproj" (Build target(s)).

Build succeeded.

Time Elapsed 00:00:02.09
